<?xml version="1.0" encoding="UTF-8"?>
<testng-results skipped="0" failed="0" total="1" passed="1">
  <reporter-output>
  </reporter-output>
  <suite name="Default suite" duration-ms="10451" started-at="2016-09-09T19:33:08Z" finished-at="2016-09-09T19:33:18Z">
    <groups>
    </groups>
    <test name="Default test" duration-ms="10451" started-at="2016-09-09T19:33:08Z" finished-at="2016-09-09T19:33:18Z">
      <class name="com.epam.maya_semina.java.git.test.SimpleTest">
        <test-method status="PASS" signature="setUp()[pri:0, instance:com.epam.maya_semina.java.git.test.SimpleTest@16a51ab]" name="setUp" is-config="true" duration-ms="5457" started-at="2016-09-09T22:33:08Z" finished-at="2016-09-09T22:33:13Z">
          <reporter-output>
          </reporter-output>
        </test-method> <!-- setUp -->
        <test-method status="PASS" signature="test()[pri:0, instance:com.epam.maya_semina.java.git.test.SimpleTest@16a51ab]" name="test" duration-ms="4971" started-at="2016-09-09T22:33:13Z" finished-at="2016-09-09T22:33:18Z">
          <reporter-output>
          </reporter-output>
        </test-method> <!-- test -->
        <test-method status="PASS" signature="close()[pri:0, instance:com.epam.maya_semina.java.git.test.SimpleTest@16a51ab]" name="close" is-config="true" duration-ms="2395" started-at="2016-09-09T22:33:18Z" finished-at="2016-09-09T22:33:21Z">
          <reporter-output>
          </reporter-output>
        </test-method> <!-- close -->
      </class> <!-- com.epam.maya_semina.java.git.test.SimpleTest -->
    </test> <!-- Default test -->
  </suite> <!-- Default suite -->
</testng-results>
